[debug] [2018-10-06T11:17:22.766Z] ----------------------------------------------------------------------
[debug] [2018-10-06T11:17:22.770Z] Command:       C:\Program Files\nodejs\node.exe C:\Users\nerka\AppData\Roaming\npm\node_modules\firebase-tools\bin\firebase deploy
[debug] [2018-10-06T11:17:22.770Z] CLI Version:   3.17.7
[debug] [2018-10-06T11:17:22.770Z] Platform:      win32
[debug] [2018-10-06T11:17:22.770Z] Node Version:  v8.12.0
[debug] [2018-10-06T11:17:22.772Z] Time:          Sat Oct 06 2018 18:17:22 GMT+0700 (SE Asia Standard Time)
[debug] [2018-10-06T11:17:22.774Z] ----------------------------------------------------------------------
[debug] 
[debug] [2018-10-06T11:17:22.803Z] > command requires scopes: ["email","openid","https://www.googleapis.com/auth/cloudplatformprojects.readonly","https://www.googleapis.com/auth/firebase","https://www.googleapis.com/auth/cloud-platform"]
[debug] [2018-10-06T11:17:22.804Z] > authorizing via signed-in user
[debug] [2018-10-06T11:17:22.814Z] >>> HTTP REQUEST GET https://admin.firebase.com/v1/projects/crystal-lions  
  
 Sat Oct 06 2018 18:17:22 GMT+0700 (SE Asia Standard Time)
[debug] [2018-10-06T11:17:24.336Z] <<< HTTP RESPONSE 200
[debug] [2018-10-06T11:17:24.338Z] >>> HTTP REQUEST GET https://admin.firebase.com/v1/database/crystal-lions/tokens  
  
 Sat Oct 06 2018 18:17:24 GMT+0700 (SE Asia Standard Time)
[debug] [2018-10-06T11:17:25.355Z] <<< HTTP RESPONSE 200
[info] 
[info] === Deploying to 'crystal-lions'...
[info] 
[info] i  deploying hosting
[info] i  hosting: preparing . directory for upload...
[debug] [2018-10-06T11:17:36.200Z] >>> HTTP REQUEST PUT https://deploy.firebase.com/v1/hosting/crystal-lions/uploads/-LO85A9wktsrCOTiMnUI?fileCount=1095&message=  
  
 Sat Oct 06 2018 18:17:36 GMT+0700 (SE Asia Standard Time)
